[1213/183124.661:ERROR:process_reader_win.cc(123)] NtOpenThread: {Access Denied} A process has requested access to an object, but has not been granted those access rights. (0xc0000022)
[1213/183124.694:ERROR:exception_snapshot_win.cc(99)] thread ID 3740 not found in process
[1213/183124.670:ERROR:process_reader_win.cc(123)] NtOpenThread: {Access Denied} A process has requested access to an object, but has not been granted those access rights. (0xc0000022)
[1213/183124.694:ERROR:exception_snapshot_win.cc(99)] thread ID 996 not found in process
[1213/183124.663:ERROR:process_reader_win.cc(123)] NtOpenThread: {Access Denied} A process has requested access to an object, but has not been granted those access rights. (0xc0000022)
[1213/183124.696:ERROR:exception_snapshot_win.cc(99)] thread ID 16728 not found in process
[1213/183124.819:ERROR:process_reader_win.cc(151)] SuspendThread: Access is denied. (0x5)
[1213/183124.820:ERROR:process_reader_win.cc(123)] NtOpenThread: {Access Denied} A process has requested access to an object, but has not been granted those access rights. (0xc0000022)
[1213/183124.820:ERROR:exception_snapshot_win.cc(99)] thread ID 27440 not found in process
[1213/183125.030:ERROR:process_reader_win.cc(123)] NtOpenThread: {Access Denied} A process has requested access to an object, but has not been granted those access rights. (0xc0000022)
[1213/183125.031:ERROR:exception_snapshot_win.cc(99)] thread ID 26964 not found in process
[1213/193152.334:ERROR:process_reader_win.cc(123)] NtOpenThread: {Access Denied} A process has requested access to an object, but has not been granted those access rights. (0xc0000022)
[1213/193152.343:ERROR:exception_snapshot_win.cc(99)] thread ID 29184 not found in process
[1213/193152.379:ERROR:process_reader_win.cc(123)] NtOpenThread: {Access Denied} A process has requested access to an object, but has not been granted those access rights. (0xc0000022)
[1213/193152.379:ERROR:exception_snapshot_win.cc(99)] thread ID 27532 not found in process
[1213/193152.417:ERROR:process_reader_win.cc(123)] NtOpenThread: {Access Denied} A process has requested access to an object, but has not been granted those access rights. (0xc0000022)
[1213/193152.417:ERROR:exception_snapshot_win.cc(99)] thread ID 13828 not found in process
[1213/193152.463:ERROR:process_reader_win.cc(123)] NtOpenThread: {Access Denied} A process has requested access to an object, but has not been granted those access rights. (0xc0000022)
[1213/193152.463:ERROR:exception_snapshot_win.cc(99)] thread ID 3528 not found in process
[1213/193152.536:ERROR:process_reader_win.cc(151)] SuspendThread: Access is denied. (0x5)
[1213/193152.541:ERROR:process_reader_win.cc(151)] SuspendThread: Access is denied. (0x5)
[1213/193152.541:ERROR:process_reader_win.cc(123)] NtOpenThread: {Access Denied} A process has requested access to an object, but has not been granted those access rights. (0xc0000022)
[1213/193152.541:ERROR:exception_snapshot_win.cc(99)] thread ID 8008 not found in process
[1213/234359.315:ERROR:process_reader_win.cc(123)] NtOpenThread: {Access Denied} A process has requested access to an object, but has not been granted those access rights. (0xc0000022)
[1213/234359.317:ERROR:process_reader_win.cc(123)] NtOpenThread: {Access Denied} A process has requested access to an object, but has not been granted those access rights. (0xc0000022)
[1213/234359.301:ERROR:process_reader_win.cc(123)] NtOpenThread: {Access Denied} A process has requested access to an object, but has not been granted those access rights. (0xc0000022)
[1213/234359.440:ERROR:exception_snapshot_win.cc(99)] thread ID 15352 not found in process
[1213/234359.315:ERROR:process_reader_win.cc(123)] NtOpenThread: {Access Denied} A process has requested access to an object, but has not been granted those access rights. (0xc0000022)
[1213/234359.440:ERROR:exception_snapshot_win.cc(99)] thread ID 17680 not found in process
[1213/234359.440:ERROR:exception_snapshot_win.cc(99)] thread ID 36424 not found in process
[1213/234359.440:ERROR:exception_snapshot_win.cc(99)] thread ID 22996 not found in process
[1213/234359.518:ERROR:process_reader_win.cc(123)] NtOpenThread: {Access Denied} A process has requested access to an object, but has not been granted those access rights. (0xc0000022)
[1213/234359.518:ERROR:exception_snapshot_win.cc(99)] thread ID 29464 not found in process
[1213/235127.623:ERROR:process_reader_win.cc(151)] SuspendThread: Access is denied. (0x5)
[1213/235127.632:ERROR:process_reader_win.cc(123)] NtOpenThread: {Access Denied} A process has requested access to an object, but has not been granted those access rights. (0xc0000022)
[1213/235127.632:ERROR:exception_snapshot_win.cc(99)] thread ID 34832 not found in process
[1213/235127.622:ERROR:process_reader_win.cc(151)] SuspendThread: Access is denied. (0x5)
[1213/235127.633:ERROR:process_reader_win.cc(123)] NtOpenThread: {Access Denied} A process has requested access to an object, but has not been granted those access rights. (0xc0000022)
[1213/235127.633:ERROR:exception_snapshot_win.cc(99)] thread ID 1356 not found in process
[1213/235127.620:ERROR:process_reader_win.cc(151)] SuspendThread: Access is denied. (0x5)
[1213/235127.642:ERROR:process_reader_win.cc(151)] SuspendThread: Access is denied. (0x5)
[1213/235127.642:ERROR:process_reader_win.cc(123)] NtOpenThread: {Access Denied} A process has requested access to an object, but has not been granted those access rights. (0xc0000022)
[1213/235127.642:ERROR:exception_snapshot_win.cc(99)] thread ID 6356 not found in process
[1213/235127.664:ERROR:process_reader_win.cc(151)] SuspendThread: Access is denied. (0x5)
[1213/235127.664:ERROR:process_reader_win.cc(151)] SuspendThread: Access is denied. (0x5)
[1213/235127.664:ERROR:process_reader_win.cc(151)] SuspendThread: Access is denied. (0x5)
[1213/235127.664:ERROR:process_reader_win.cc(151)] SuspendThread: Access is denied. (0x5)
[1213/235127.664:ERROR:process_reader_win.cc(151)] SuspendThread: Access is denied. (0x5)
[1213/235127.664:ERROR:process_reader_win.cc(151)] SuspendThread: Access is denied. (0x5)
[1213/235127.664:ERROR:process_reader_win.cc(151)] SuspendThread: Access is denied. (0x5)
[1213/235127.664:ERROR:process_reader_win.cc(151)] SuspendThread: Access is denied. (0x5)
[1213/235127.664:ERROR:process_reader_win.cc(151)] SuspendThread: Access is denied. (0x5)
[1213/235127.664:ERROR:process_reader_win.cc(151)] SuspendThread: Access is denied. (0x5)
[1213/235127.664:ERROR:process_reader_win.cc(123)] NtOpenThread: {Access Denied} A process has requested access to an object, but has not been granted those access rights. (0xc0000022)
[1213/235127.664:ERROR:exception_snapshot_win.cc(99)] thread ID 36076 not found in process
[1216/034017.368:ERROR:process_reader_win.cc(151)] SuspendThread: Access is denied. (0x5)
[1216/034017.510:ERROR:process_reader_win.cc(151)] SuspendThread: Access is denied. (0x5)
[1216/034017.510:ERROR:process_reader_win.cc(151)] SuspendThread: Access is denied. (0x5)
[1216/034017.510:ERROR:process_reader_win.cc(151)] SuspendThread: Access is denied. (0x5)
[1216/034017.510:ERROR:process_reader_win.cc(151)] SuspendThread: Access is denied. (0x5)
[1216/034017.510:ERROR:process_reader_win.cc(123)] NtOpenThread: {Access Denied} A process has requested access to an object, but has not been granted those access rights. (0xc0000022)
[1216/034017.535:ERROR:exception_snapshot_win.cc(99)] thread ID 1836 not found in process
[1216/034017.730:ERROR:process_reader_win.cc(123)] NtOpenThread: {Access Denied} A process has requested access to an object, but has not been granted those access rights. (0xc0000022)
[1216/034017.731:ERROR:exception_snapshot_win.cc(99)] thread ID 10980 not found in process
[1216/034017.368:ERROR:process_reader_win.cc(151)] SuspendThread: Access is denied. (0x5)
[1216/034017.734:ERROR:process_reader_win.cc(123)] NtOpenThread: An invalid Client ID was specified. (0xc000000b)
[1216/034017.734:ERROR:process_reader_win.cc(123)] NtOpenThread: An invalid Client ID was specified. (0xc000000b)
[1216/034017.734:ERROR:exception_snapshot_win.cc(99)] thread ID 13040 not found in process
[1216/034017.735:ERROR:scoped_process_suspend.cc(40)] NtResumeProcess: An attempt was made to access an exiting process. (0xc000010a)
[1216/040814.185:ERROR:process_reader_win.cc(151)] SuspendThread: Access is denied. (0x5)
[1216/040814.194:ERROR:process_reader_win.cc(123)] NtOpenThread: {Access Denied} A process has requested access to an object, but has not been granted those access rights. (0xc0000022)
[1216/040814.196:ERROR:exception_snapshot_win.cc(99)] thread ID 20128 not found in process
[1216/040814.163:ERROR:process_reader_win.cc(151)] SuspendThread: Access is denied. (0x5)
[1216/040814.201:ERROR:process_reader_win.cc(151)] SuspendThread: Access is denied. (0x5)
[1216/040814.201:ERROR:process_reader_win.cc(123)] NtOpenThread: {Access Denied} A process has requested access to an object, but has not been granted those access rights. (0xc0000022)
[1216/040814.202:ERROR:exception_snapshot_win.cc(99)] thread ID 21056 not found in process
[1216/040814.184:ERROR:process_reader_win.cc(151)] SuspendThread: Access is denied. (0x5)
[1216/040814.208:ERROR:process_reader_win.cc(151)] SuspendThread: Access is denied. (0x5)
[1216/040814.208:ERROR:process_reader_win.cc(151)] SuspendThread: Access is denied. (0x5)
[1216/040814.208:ERROR:process_reader_win.cc(151)] SuspendThread: Access is denied. (0x5)
[1216/040814.209:ERROR:process_reader_win.cc(151)] SuspendThread: Access is denied. (0x5)
[1216/040814.209:ERROR:process_reader_win.cc(123)] NtOpenThread: {Access Denied} A process has requested access to an object, but has not been granted those access rights. (0xc0000022)
[1216/040814.209:ERROR:exception_snapshot_win.cc(99)] thread ID 21384 not found in process
[1216/040814.214:ERROR:process_reader_win.cc(123)] NtOpenThread: {Access Denied} A process has requested access to an object, but has not been granted those access rights. (0xc0000022)
[1216/040814.214:ERROR:exception_snapshot_win.cc(99)] thread ID 3892 not found in process
[1216/040814.218:ERROR:process_reader_win.cc(123)] NtOpenThread: {Access Denied} A process has requested access to an object, but has not been granted those access rights. (0xc0000022)
[1216/040814.218:ERROR:exception_snapshot_win.cc(99)] thread ID 11220 not found in process
[1216/040947.124:ERROR:process_reader_win.cc(123)] NtOpenThread: {Access Denied} A process has requested access to an object, but has not been granted those access rights. (0xc0000022)
[1216/040947.133:ERROR:exception_snapshot_win.cc(99)] thread ID 12664 not found in process
[1216/040947.163:ERROR:process_reader_win.cc(151)] SuspendThread: Access is denied. (0x5)
[1216/040947.164:ERROR:process_reader_win.cc(151)] SuspendThread: Access is denied. (0x5)
[1216/040947.164:ERROR:process_reader_win.cc(151)] SuspendThread: Access is denied. (0x5)
[1216/040947.164:ERROR:process_reader_win.cc(151)] SuspendThread: Access is denied. (0x5)
[1216/040947.164:ERROR:process_reader_win.cc(151)] SuspendThread: Access is denied. (0x5)
[1216/040947.164:ERROR:process_reader_win.cc(123)] NtOpenThread: {Access Denied} A process has requested access to an object, but has not been granted those access rights. (0xc0000022)
[1216/040947.164:ERROR:exception_snapshot_win.cc(99)] thread ID 2576 not found in process
[1216/040947.177:ERROR:process_reader_win.cc(151)] SuspendThread: Access is denied. (0x5)
[1216/040947.177:ERROR:process_reader_win.cc(151)] SuspendThread: Access is denied. (0x5)
[1216/040947.178:ERROR:process_reader_win.cc(123)] NtOpenThread: {Access Denied} A process has requested access to an object, but has not been granted those access rights. (0xc0000022)
[1216/040947.178:ERROR:exception_snapshot_win.cc(99)] thread ID 20444 not found in process
[1216/040947.182:ERROR:process_reader_win.cc(151)] SuspendThread: Access is denied. (0x5)
[1216/040947.182:ERROR:process_reader_win.cc(151)] SuspendThread: Access is denied. (0x5)
[1216/040947.182:ERROR:process_reader_win.cc(123)] NtOpenThread: {Access Denied} A process has requested access to an object, but has not been granted those access rights. (0xc0000022)
[1216/040947.182:ERROR:exception_snapshot_win.cc(99)] thread ID 11848 not found in process
[1216/040947.185:ERROR:process_reader_win.cc(151)] SuspendThread: Access is denied. (0x5)
[1216/040947.185:ERROR:process_reader_win.cc(151)] SuspendThread: Access is denied. (0x5)
[1216/040947.185:ERROR:process_reader_win.cc(123)] NtOpenThread: {Access Denied} A process has requested access to an object, but has not been granted those access rights. (0xc0000022)
[1216/040947.185:ERROR:exception_snapshot_win.cc(99)] thread ID 7668 not found in process
